<?xml version="1.0" encoding="UTF-8"?>
<!-- Generated by org.testng.reporters.JUnitReportReporter -->
<testsuite skipped="0" hostname="KUL11N0099313" name="com.peterwkc.Runner.TestRunner" tests="1" failures="0" timestamp="01 Nov 2018 07:59:40 GMT" time="14.376" errors="0">
  <testcase name="runScenario" time="14.376" classname="com.peterwkc.Runner.TestRunner"/>
</testsuite> <!-- com.peterwkc.Runner.TestRunner -->
